this is the test method
this is the before method
this is the test method
this is the after method
this is the test method
this is the before method
this is the test method
this is the after method
this is the before method
this is the test method: INFO
this is the test method: WARN
this is the after method
this is the before method
this is the test method: TRACE
this is the test method: INFO
this is the test method: WARN
this is the after method
this is the before method
this is the test method: TRACE
this is the test method: INFO
this is the test method: WARN
this is the after method
this is the before method
this is the test method: TRACE
this is the test method: INFO
this is the test method: WARN
this is the after method
this is the before method
this is the test method: INFO
this is the test method: WARN
this is the after method
this is the before method
this is the test method: TRACE
this is the test method: INFO
this is the test method: WARN
Get connection for route {s}->https://uinames.com:443
Connecting to uinames.com:443
CookieSpec selected: ignoreCookies
Auth cache not set in the context
Target auth state: UNCHALLENGED
Proxy auth state: UNCHALLENGED
Attempt 1 to execute request
Sending request: GET /api/ HTTP/1.1
 >> "GET /api/ HTTP/1.1[\r][\n]"
 >> "Accept: */*[\r][\n]"
 >> "Host: uinames.com[\r][\n]"
 >> "Connection: Keep-Alive[\r][\n]"
 >> "User-Agent: Apache-HttpClient/4.5.3 (Java/1.8.0_162)[\r][\n]"
 >> "Accept-Encoding: gzip,deflate[\r][\n]"
 >> "[\r][\n]"
>> GET /api/ HTTP/1.1
>> Accept: */*
>> Host: uinames.com
>> Connection: Keep-Alive
>> User-Agent: Apache-HttpClient/4.5.3 (Java/1.8.0_162)
>> Accept-Encoding: gzip,deflate
 << "HTTP/1.1 200 OK[\r][\n]"
 << "Date: Sun, 17 Mar 2019 15:48:38 GMT[\r][\n]"
 << "Server: Apache[\r][\n]"
 << "X-Powered-By: PHP/5.4.45[\r][\n]"
 << "Access-Control-Allow-Origin: *[\r][\n]"
 << "Access-Control-Allow-Methods: GET[\r][\n]"
 << "Transfer-Encoding: chunked[\r][\n]"
 << "Content-Type: application/json; charset=utf-8[\r][\n]"
 << "[\r][\n]"
Receiving response: HTTP/1.1 200 OK
<< HTTP/1.1 200 OK
<< Date: Sun, 17 Mar 2019 15:48:38 GMT
<< Server: Apache
<< X-Powered-By: PHP/5.4.45
<< Access-Control-Allow-Origin: *
<< Access-Control-Allow-Methods: GET
<< Transfer-Encoding: chunked
<< Content-Type: application/json; charset=utf-8
Connection can be kept alive indefinitely
Parsing response as: application/json; charset=utf-8
Parsed data to instance of: class org.apache.http.conn.EofSensorInputStream
this is the after method
this is the before method
this is the test method: INFO
this is the test method: WARN
Get connection for route {s}->https://uinames.com:443
Connecting to uinames.com:443
CookieSpec selected: ignoreCookies
Auth cache not set in the context
Target auth state: UNCHALLENGED
Proxy auth state: UNCHALLENGED
Attempt 1 to execute request
Sending request: GET /api/ HTTP/1.1
 >> "GET /api/ HTTP/1.1[\r][\n]"
 >> "Accept: */*[\r][\n]"
 >> "Host: uinames.com[\r][\n]"
 >> "Connection: Keep-Alive[\r][\n]"
 >> "User-Agent: Apache-HttpClient/4.5.3 (Java/1.8.0_162)[\r][\n]"
 >> "Accept-Encoding: gzip,deflate[\r][\n]"
 >> "[\r][\n]"
>> GET /api/ HTTP/1.1
>> Accept: */*
>> Host: uinames.com
>> Connection: Keep-Alive
>> User-Agent: Apache-HttpClient/4.5.3 (Java/1.8.0_162)
>> Accept-Encoding: gzip,deflate
 << "HTTP/1.1 200 OK[\r][\n]"
 << "Date: Sun, 17 Mar 2019 15:50:31 GMT[\r][\n]"
 << "Server: Apache[\r][\n]"
 << "X-Powered-By: PHP/5.4.45[\r][\n]"
 << "Access-Control-Allow-Origin: *[\r][\n]"
 << "Access-Control-Allow-Methods: GET[\r][\n]"
 << "Transfer-Encoding: chunked[\r][\n]"
 << "Content-Type: application/json; charset=utf-8[\r][\n]"
 << "[\r][\n]"
Receiving response: HTTP/1.1 200 OK
<< HTTP/1.1 200 OK
<< Date: Sun, 17 Mar 2019 15:50:31 GMT
<< Server: Apache
<< X-Powered-By: PHP/5.4.45
<< Access-Control-Allow-Origin: *
<< Access-Control-Allow-Methods: GET
<< Transfer-Encoding: chunked
<< Content-Type: application/json; charset=utf-8
Connection can be kept alive indefinitely
Parsing response as: application/json; charset=utf-8
Parsed data to instance of: class org.apache.http.conn.EofSensorInputStream
this is the after method
starting the method
starting the method
3
starting the method
3
3
starting the method
3
3
[3, 4, 5]
starting the method
3
3
[3, 4, 5]
harvard
starting the method
3
3
[3, 4, 5]
harvard
size: 3
[[harvard, yale, princeton, stanford, duke, berkeley, ping pong], [kilimanjaro, half dome, denali, meru], [google, apple, microsoft, bay_area, amazon, tesla, facebook]]
starting the method
3
3
[3, 4, 5]
harvard
size: 3
starting the method
3
3
[3, 4, 5]
harvard
size: 3
[[harvard, yale, princeton, stanford, duke, berkeley, ping pong], [kilimanjaro, half dome, denali, meru], [google, apple, microsoft, bay_area, amazon, tesla, facebook]]
starting the method
3
3
[3, 4, 5]
harvard
size: 3
[[harvard, yale, princeton, stanford, duke, berkeley, ping pong], [kilimanjaro, half dome, denali, meru], [google, apple, microsoft, bay_area, amazon, tesla, facebook]]
starting the method
3
3
[3, 4, 5]
harvard
size: 3
[[harvard, yale, princeton, stanford, duke, berkeley, ping pong], [kilimanjaro, half dome, denali, meru], [google, apple, microsoft, bay_area, amazon, tesla, facebook]]
{rooms=[{withTV=true, name=harvard, description=veritas, id=112, withWhiteBoard=false, capacity=6}, {withTV=true, name=yale, description=lux et veritas, id=113, withWhiteBoard=false, capacity=6}, {withTV=true, name=princeton, description=dei sub numine viget, id=114, withWhiteBoard=false, capacity=4}, {withTV=false, name=stanford, description=die luft der freiheit weht, id=115, withWhiteBoard=true, capacity=6}, {withTV=true, name=duke, description=eruditio et religio, id=116, withWhiteBoard=false, capacity=4}, {withTV=true, name=berkeley, description=fiat lux, id=117, withWhiteBoard=false, capacity=4}, {withTV=true, name=ping pong, description=mens et manus, id=111, withWhiteBoard=false, capacity=6}], name=light-side, id=3}
starting the method
3
3
[3, 4, 5]
harvard
size: 3
[[harvard, yale, princeton, stanford, duke, berkeley, ping pong], [kilimanjaro, half dome, denali, meru], [google, apple, microsoft, bay_area, amazon, tesla, facebook]]
{rooms=[{withTV=true, name=harvard, description=veritas, id=112, withWhiteBoard=false, capacity=6}, {withTV=true, name=yale, description=lux et veritas, id=113, withWhiteBoard=false, capacity=6}, {withTV=true, name=princeton, description=dei sub numine viget, id=114, withWhiteBoard=false, capacity=4}, {withTV=false, name=stanford, description=die luft der freiheit weht, id=115, withWhiteBoard=true, capacity=6}, {withTV=true, name=duke, description=eruditio et religio, id=116, withWhiteBoard=false, capacity=4}, {withTV=true, name=berkeley, description=fiat lux, id=117, withWhiteBoard=false, capacity=4}, {withTV=true, name=ping pong, description=mens et manus, id=111, withWhiteBoard=false, capacity=6}], name=light-side, id=3}
rooms
[{withTV=true, name=harvard, description=veritas, id=112, withWhiteBoard=false, capacity=6}, {withTV=true, name=yale, description=lux et veritas, id=113, withWhiteBoard=false, capacity=6}, {withTV=true, name=princeton, description=dei sub numine viget, id=114, withWhiteBoard=false, capacity=4}, {withTV=false, name=stanford, description=die luft der freiheit weht, id=115, withWhiteBoard=true, capacity=6}, {withTV=true, name=duke, description=eruditio et religio, id=116, withWhiteBoard=false, capacity=4}, {withTV=true, name=berkeley, description=fiat lux, id=117, withWhiteBoard=false, capacity=4}, {withTV=true, name=ping pong, description=mens et manus, id=111, withWhiteBoard=false, capacity=6}]
name
light-side
id
3
starting the method
3
3
[3, 4, 5]
harvard
size: 3
[[harvard, yale, princeton, stanford, duke, berkeley, ping pong], [kilimanjaro, half dome, denali, meru], [google, apple, microsoft, bay_area, amazon, tesla, facebook]]
{rooms=[{withTV=true, name=harvard, description=veritas, id=112, withWhiteBoard=false, capacity=6}, {withTV=true, name=yale, description=lux et veritas, id=113, withWhiteBoard=false, capacity=6}, {withTV=true, name=princeton, description=dei sub numine viget, id=114, withWhiteBoard=false, capacity=4}, {withTV=false, name=stanford, description=die luft der freiheit weht, id=115, withWhiteBoard=true, capacity=6}, {withTV=true, name=duke, description=eruditio et religio, id=116, withWhiteBoard=false, capacity=4}, {withTV=true, name=berkeley, description=fiat lux, id=117, withWhiteBoard=false, capacity=4}, {withTV=true, name=ping pong, description=mens et manus, id=111, withWhiteBoard=false, capacity=6}], name=light-side, id=3}
rooms
[{withTV=true, name=harvard, description=veritas, id=112, withWhiteBoard=false, capacity=6}, {withTV=true, name=yale, description=lux et veritas, id=113, withWhiteBoard=false, capacity=6}, {withTV=true, name=princeton, description=dei sub numine viget, id=114, withWhiteBoard=false, capacity=4}, {withTV=false, name=stanford, description=die luft der freiheit weht, id=115, withWhiteBoard=true, capacity=6}, {withTV=true, name=duke, description=eruditio et religio, id=116, withWhiteBoard=false, capacity=4}, {withTV=true, name=berkeley, description=fiat lux, id=117, withWhiteBoard=false, capacity=4}, {withTV=true, name=ping pong, description=mens et manus, id=111, withWhiteBoard=false, capacity=6}]
name
light-side
id
3
{rooms=[{withTV=true, name=harvard, description=veritas, id=112, withWhiteBoard=false, capacity=6}, {withTV=true, name=yale, description=lux et veritas, id=113, withWhiteBoard=false, capacity=6}, {withTV=true, name=princeton, description=dei sub numine viget, id=114, withWhiteBoard=false, capacity=4}, {withTV=false, name=stanford, description=die luft der freiheit weht, id=115, withWhiteBoard=true, capacity=6}, {withTV=true, name=duke, description=eruditio et religio, id=116, withWhiteBoard=false, capacity=4}, {withTV=true, name=berkeley, description=fiat lux, id=117, withWhiteBoard=false, capacity=4}, {withTV=true, name=ping pong, description=mens et manus, id=111, withWhiteBoard=false, capacity=6}], name=light-side, id=3}
starting the method
3
3
[3, 4, 5]
harvard
size: 3
[[harvard, yale, princeton, stanford, duke, berkeley, ping pong], [kilimanjaro, half dome, denali, meru], [google, apple, microsoft, bay_area, amazon, tesla, facebook]]
{rooms=[{withTV=true, name=harvard, description=veritas, id=112, withWhiteBoard=false, capacity=6}, {withTV=true, name=yale, description=lux et veritas, id=113, withWhiteBoard=false, capacity=6}, {withTV=true, name=princeton, description=dei sub numine viget, id=114, withWhiteBoard=false, capacity=4}, {withTV=false, name=stanford, description=die luft der freiheit weht, id=115, withWhiteBoard=true, capacity=6}, {withTV=true, name=duke, description=eruditio et religio, id=116, withWhiteBoard=false, capacity=4}, {withTV=true, name=berkeley, description=fiat lux, id=117, withWhiteBoard=false, capacity=4}, {withTV=true, name=ping pong, description=mens et manus, id=111, withWhiteBoard=false, capacity=6}], name=light-side, id=3}
rooms
[{withTV=true, name=harvard, description=veritas, id=112, withWhiteBoard=false, capacity=6}, {withTV=true, name=yale, description=lux et veritas, id=113, withWhiteBoard=false, capacity=6}, {withTV=true, name=princeton, description=dei sub numine viget, id=114, withWhiteBoard=false, capacity=4}, {withTV=false, name=stanford, description=die luft der freiheit weht, id=115, withWhiteBoard=true, capacity=6}, {withTV=true, name=duke, description=eruditio et religio, id=116, withWhiteBoard=false, capacity=4}, {withTV=true, name=berkeley, description=fiat lux, id=117, withWhiteBoard=false, capacity=4}, {withTV=true, name=ping pong, description=mens et manus, id=111, withWhiteBoard=false, capacity=6}]
name
light-side
id
3
{rooms=[{withTV=true, name=harvard, description=veritas, id=112, withWhiteBoard=false, capacity=6}, {withTV=true, name=yale, description=lux et veritas, id=113, withWhiteBoard=false, capacity=6}, {withTV=true, name=princeton, description=dei sub numine viget, id=114, withWhiteBoard=false, capacity=4}, {withTV=false, name=stanford, description=die luft der freiheit weht, id=115, withWhiteBoard=true, capacity=6}, {withTV=true, name=duke, description=eruditio et religio, id=116, withWhiteBoard=false, capacity=4}, {withTV=true, name=berkeley, description=fiat lux, id=117, withWhiteBoard=false, capacity=4}, {withTV=true, name=ping pong, description=mens et manus, id=111, withWhiteBoard=false, capacity=6}], name=light-side, id=3}
starting the method
3
3
[3, 4, 5]
harvard
size: 3
[[harvard, yale, princeton, stanford, duke, berkeley, ping pong], [kilimanjaro, half dome, denali, meru], [google, apple, microsoft, bay_area, amazon, tesla, facebook]]
{rooms=[{withTV=true, name=harvard, description=veritas, id=112, withWhiteBoard=false, capacity=6}, {withTV=true, name=yale, description=lux et veritas, id=113, withWhiteBoard=false, capacity=6}, {withTV=true, name=princeton, description=dei sub numine viget, id=114, withWhiteBoard=false, capacity=4}, {withTV=false, name=stanford, description=die luft der freiheit weht, id=115, withWhiteBoard=true, capacity=6}, {withTV=true, name=duke, description=eruditio et religio, id=116, withWhiteBoard=false, capacity=4}, {withTV=true, name=berkeley, description=fiat lux, id=117, withWhiteBoard=false, capacity=4}, {withTV=true, name=ping pong, description=mens et manus, id=111, withWhiteBoard=false, capacity=6}], name=light-side, id=3}
rooms
[{withTV=true, name=harvard, description=veritas, id=112, withWhiteBoard=false, capacity=6}, {withTV=true, name=yale, description=lux et veritas, id=113, withWhiteBoard=false, capacity=6}, {withTV=true, name=princeton, description=dei sub numine viget, id=114, withWhiteBoard=false, capacity=4}, {withTV=false, name=stanford, description=die luft der freiheit weht, id=115, withWhiteBoard=true, capacity=6}, {withTV=true, name=duke, description=eruditio et religio, id=116, withWhiteBoard=false, capacity=4}, {withTV=true, name=berkeley, description=fiat lux, id=117, withWhiteBoard=false, capacity=4}, {withTV=true, name=ping pong, description=mens et manus, id=111, withWhiteBoard=false, capacity=6}]
name
light-side
id
3
{rooms=[{withTV=true, name=harvard, description=veritas, id=112, withWhiteBoard=false, capacity=6}, {withTV=true, name=yale, description=lux et veritas, id=113, withWhiteBoard=false, capacity=6}, {withTV=true, name=princeton, description=dei sub numine viget, id=114, withWhiteBoard=false, capacity=4}, {withTV=false, name=stanford, description=die luft der freiheit weht, id=115, withWhiteBoard=true, capacity=6}, {withTV=true, name=duke, description=eruditio et religio, id=116, withWhiteBoard=false, capacity=4}, {withTV=true, name=berkeley, description=fiat lux, id=117, withWhiteBoard=false, capacity=4}, {withTV=true, name=ping pong, description=mens et manus, id=111, withWhiteBoard=false, capacity=6}], name=light-side, id=3}
rooms
[{withTV=true, name=harvard, description=veritas, id=112, withWhiteBoard=false, capacity=6}, {withTV=true, name=yale, description=lux et veritas, id=113, withWhiteBoard=false, capacity=6}, {withTV=true, name=princeton, description=dei sub numine viget, id=114, withWhiteBoard=false, capacity=4}, {withTV=false, name=stanford, description=die luft der freiheit weht, id=115, withWhiteBoard=true, capacity=6}, {withTV=true, name=duke, description=eruditio et religio, id=116, withWhiteBoard=false, capacity=4}, {withTV=true, name=berkeley, description=fiat lux, id=117, withWhiteBoard=false, capacity=4}, {withTV=true, name=ping pong, description=mens et manus, id=111, withWhiteBoard=false, capacity=6}]
name
light-side
id
3
starting the method
3
3
[3, 4, 5]
harvard
size: 3
[[harvard, yale, princeton, stanford, duke, berkeley, ping pong], [kilimanjaro, half dome, denali, meru], [google, apple, microsoft, bay_area, amazon, tesla, facebook]]
{rooms=[{withTV=true, name=harvard, description=veritas, id=112, withWhiteBoard=false, capacity=6}, {withTV=true, name=yale, description=lux et veritas, id=113, withWhiteBoard=false, capacity=6}, {withTV=true, name=princeton, description=dei sub numine viget, id=114, withWhiteBoard=false, capacity=4}, {withTV=false, name=stanford, description=die luft der freiheit weht, id=115, withWhiteBoard=true, capacity=6}, {withTV=true, name=duke, description=eruditio et religio, id=116, withWhiteBoard=false, capacity=4}, {withTV=true, name=berkeley, description=fiat lux, id=117, withWhiteBoard=false, capacity=4}, {withTV=true, name=ping pong, description=mens et manus, id=111, withWhiteBoard=false, capacity=6}], name=light-side, id=3}
rooms
[{withTV=true, name=harvard, description=veritas, id=112, withWhiteBoard=false, capacity=6}, {withTV=true, name=yale, description=lux et veritas, id=113, withWhiteBoard=false, capacity=6}, {withTV=true, name=princeton, description=dei sub numine viget, id=114, withWhiteBoard=false, capacity=4}, {withTV=false, name=stanford, description=die luft der freiheit weht, id=115, withWhiteBoard=true, capacity=6}, {withTV=true, name=duke, description=eruditio et religio, id=116, withWhiteBoard=false, capacity=4}, {withTV=true, name=berkeley, description=fiat lux, id=117, withWhiteBoard=false, capacity=4}, {withTV=true, name=ping pong, description=mens et manus, id=111, withWhiteBoard=false, capacity=6}]
name
light-side
id
3
{rooms=[{withTV=true, name=harvard, description=veritas, id=112, withWhiteBoard=false, capacity=6}, {withTV=true, name=yale, description=lux et veritas, id=113, withWhiteBoard=false, capacity=6}, {withTV=true, name=princeton, description=dei sub numine viget, id=114, withWhiteBoard=false, capacity=4}, {withTV=false, name=stanford, description=die luft der freiheit weht, id=115, withWhiteBoard=true, capacity=6}, {withTV=true, name=duke, description=eruditio et religio, id=116, withWhiteBoard=false, capacity=4}, {withTV=true, name=berkeley, description=fiat lux, id=117, withWhiteBoard=false, capacity=4}, {withTV=true, name=ping pong, description=mens et manus, id=111, withWhiteBoard=false, capacity=6}], name=light-side, id=3}
rooms
[{withTV=true, name=harvard, description=veritas, id=112, withWhiteBoard=false, capacity=6}, {withTV=true, name=yale, description=lux et veritas, id=113, withWhiteBoard=false, capacity=6}, {withTV=true, name=princeton, description=dei sub numine viget, id=114, withWhiteBoard=false, capacity=4}, {withTV=false, name=stanford, description=die luft der freiheit weht, id=115, withWhiteBoard=true, capacity=6}, {withTV=true, name=duke, description=eruditio et religio, id=116, withWhiteBoard=false, capacity=4}, {withTV=true, name=berkeley, description=fiat lux, id=117, withWhiteBoard=false, capacity=4}, {withTV=true, name=ping pong, description=mens et manus, id=111, withWhiteBoard=false, capacity=6}]
name
light-side
id
3
starting the method
3
3
[3, 4, 5]
harvard
size: 3
[[harvard, yale, princeton, stanford, duke, berkeley, ping pong], [kilimanjaro, half dome, denali, meru], [google, apple, microsoft, bay_area, amazon, tesla, facebook]]
{rooms=[{withTV=true, name=harvard, description=veritas, id=112, withWhiteBoard=false, capacity=6}, {withTV=true, name=yale, description=lux et veritas, id=113, withWhiteBoard=false, capacity=6}, {withTV=true, name=princeton, description=dei sub numine viget, id=114, withWhiteBoard=false, capacity=4}, {withTV=false, name=stanford, description=die luft der freiheit weht, id=115, withWhiteBoard=true, capacity=6}, {withTV=true, name=duke, description=eruditio et religio, id=116, withWhiteBoard=false, capacity=4}, {withTV=true, name=berkeley, description=fiat lux, id=117, withWhiteBoard=false, capacity=4}, {withTV=true, name=ping pong, description=mens et manus, id=111, withWhiteBoard=false, capacity=6}], name=light-side, id=3}
rooms
[{withTV=true, name=harvard, description=veritas, id=112, withWhiteBoard=false, capacity=6}, {withTV=true, name=yale, description=lux et veritas, id=113, withWhiteBoard=false, capacity=6}, {withTV=true, name=princeton, description=dei sub numine viget, id=114, withWhiteBoard=false, capacity=4}, {withTV=false, name=stanford, description=die luft der freiheit weht, id=115, withWhiteBoard=true, capacity=6}, {withTV=true, name=duke, description=eruditio et religio, id=116, withWhiteBoard=false, capacity=4}, {withTV=true, name=berkeley, description=fiat lux, id=117, withWhiteBoard=false, capacity=4}, {withTV=true, name=ping pong, description=mens et manus, id=111, withWhiteBoard=false, capacity=6}]
name
light-side
id
3
{rooms=[{withTV=true, name=harvard, description=veritas, id=112, withWhiteBoard=false, capacity=6}, {withTV=true, name=yale, description=lux et veritas, id=113, withWhiteBoard=false, capacity=6}, {withTV=true, name=princeton, description=dei sub numine viget, id=114, withWhiteBoard=false, capacity=4}, {withTV=false, name=stanford, description=die luft der freiheit weht, id=115, withWhiteBoard=true, capacity=6}, {withTV=true, name=duke, description=eruditio et religio, id=116, withWhiteBoard=false, capacity=4}, {withTV=true, name=berkeley, description=fiat lux, id=117, withWhiteBoard=false, capacity=4}, {withTV=true, name=ping pong, description=mens et manus, id=111, withWhiteBoard=false, capacity=6}], name=light-side, id=3}
rooms
[{withTV=true, name=harvard, description=veritas, id=112, withWhiteBoard=false, capacity=6}, {withTV=true, name=yale, description=lux et veritas, id=113, withWhiteBoard=false, capacity=6}, {withTV=true, name=princeton, description=dei sub numine viget, id=114, withWhiteBoard=false, capacity=4}, {withTV=false, name=stanford, description=die luft der freiheit weht, id=115, withWhiteBoard=true, capacity=6}, {withTV=true, name=duke, description=eruditio et religio, id=116, withWhiteBoard=false, capacity=4}, {withTV=true, name=berkeley, description=fiat lux, id=117, withWhiteBoard=false, capacity=4}, {withTV=true, name=ping pong, description=mens et manus, id=111, withWhiteBoard=false, capacity=6}]
name
light-side
id
3
true
harvard
veritas
112
false
6
starting the method
3
3
[3, 4, 5]
harvard
size: 3
[[harvard, yale, princeton, stanford, duke, berkeley, ping pong], [kilimanjaro, half dome, denali, meru], [google, apple, microsoft, bay_area, amazon, tesla, facebook]]
{rooms=[{withTV=true, name=harvard, description=veritas, id=112, withWhiteBoard=false, capacity=6}, {withTV=true, name=yale, description=lux et veritas, id=113, withWhiteBoard=false, capacity=6}, {withTV=true, name=princeton, description=dei sub numine viget, id=114, withWhiteBoard=false, capacity=4}, {withTV=false, name=stanford, description=die luft der freiheit weht, id=115, withWhiteBoard=true, capacity=6}, {withTV=true, name=duke, description=eruditio et religio, id=116, withWhiteBoard=false, capacity=4}, {withTV=true, name=berkeley, description=fiat lux, id=117, withWhiteBoard=false, capacity=4}, {withTV=true, name=ping pong, description=mens et manus, id=111, withWhiteBoard=false, capacity=6}], name=light-side, id=3}
rooms
[{withTV=true, name=harvard, description=veritas, id=112, withWhiteBoard=false, capacity=6}, {withTV=true, name=yale, description=lux et veritas, id=113, withWhiteBoard=false, capacity=6}, {withTV=true, name=princeton, description=dei sub numine viget, id=114, withWhiteBoard=false, capacity=4}, {withTV=false, name=stanford, description=die luft der freiheit weht, id=115, withWhiteBoard=true, capacity=6}, {withTV=true, name=duke, description=eruditio et religio, id=116, withWhiteBoard=false, capacity=4}, {withTV=true, name=berkeley, description=fiat lux, id=117, withWhiteBoard=false, capacity=4}, {withTV=true, name=ping pong, description=mens et manus, id=111, withWhiteBoard=false, capacity=6}]
name
light-side
id
3
{rooms=[{withTV=true, name=harvard, description=veritas, id=112, withWhiteBoard=false, capacity=6}, {withTV=true, name=yale, description=lux et veritas, id=113, withWhiteBoard=false, capacity=6}, {withTV=true, name=princeton, description=dei sub numine viget, id=114, withWhiteBoard=false, capacity=4}, {withTV=false, name=stanford, description=die luft der freiheit weht, id=115, withWhiteBoard=true, capacity=6}, {withTV=true, name=duke, description=eruditio et religio, id=116, withWhiteBoard=false, capacity=4}, {withTV=true, name=berkeley, description=fiat lux, id=117, withWhiteBoard=false, capacity=4}, {withTV=true, name=ping pong, description=mens et manus, id=111, withWhiteBoard=false, capacity=6}], name=light-side, id=3}
rooms
[{withTV=true, name=harvard, description=veritas, id=112, withWhiteBoard=false, capacity=6}, {withTV=true, name=yale, description=lux et veritas, id=113, withWhiteBoard=false, capacity=6}, {withTV=true, name=princeton, description=dei sub numine viget, id=114, withWhiteBoard=false, capacity=4}, {withTV=false, name=stanford, description=die luft der freiheit weht, id=115, withWhiteBoard=true, capacity=6}, {withTV=true, name=duke, description=eruditio et religio, id=116, withWhiteBoard=false, capacity=4}, {withTV=true, name=berkeley, description=fiat lux, id=117, withWhiteBoard=false, capacity=4}, {withTV=true, name=ping pong, description=mens et manus, id=111, withWhiteBoard=false, capacity=6}]
name
light-side
id
3
true
harvard
veritas
112
false
6
true
harvard
veritas
112
false
6
starting the method
3
3
[3, 4, 5]
harvard
size: 3
[[harvard, yale, princeton, stanford, duke, berkeley, ping pong], [kilimanjaro, half dome, denali, meru], [google, apple, microsoft, bay_area, amazon, tesla, facebook]]
{rooms=[{withTV=true, name=harvard, description=veritas, id=112, withWhiteBoard=false, capacity=6}, {withTV=true, name=yale, description=lux et veritas, id=113, withWhiteBoard=false, capacity=6}, {withTV=true, name=princeton, description=dei sub numine viget, id=114, withWhiteBoard=false, capacity=4}, {withTV=false, name=stanford, description=die luft der freiheit weht, id=115, withWhiteBoard=true, capacity=6}, {withTV=true, name=duke, description=eruditio et religio, id=116, withWhiteBoard=false, capacity=4}, {withTV=true, name=berkeley, description=fiat lux, id=117, withWhiteBoard=false, capacity=4}, {withTV=true, name=ping pong, description=mens et manus, id=111, withWhiteBoard=false, capacity=6}], name=light-side, id=3}
rooms
[{withTV=true, name=harvard, description=veritas, id=112, withWhiteBoard=false, capacity=6}, {withTV=true, name=yale, description=lux et veritas, id=113, withWhiteBoard=false, capacity=6}, {withTV=true, name=princeton, description=dei sub numine viget, id=114, withWhiteBoard=false, capacity=4}, {withTV=false, name=stanford, description=die luft der freiheit weht, id=115, withWhiteBoard=true, capacity=6}, {withTV=true, name=duke, description=eruditio et religio, id=116, withWhiteBoard=false, capacity=4}, {withTV=true, name=berkeley, description=fiat lux, id=117, withWhiteBoard=false, capacity=4}, {withTV=true, name=ping pong, description=mens et manus, id=111, withWhiteBoard=false, capacity=6}]
name
light-side
id
3
{rooms=[{withTV=true, name=harvard, description=veritas, id=112, withWhiteBoard=false, capacity=6}, {withTV=true, name=yale, description=lux et veritas, id=113, withWhiteBoard=false, capacity=6}, {withTV=true, name=princeton, description=dei sub numine viget, id=114, withWhiteBoard=false, capacity=4}, {withTV=false, name=stanford, description=die luft der freiheit weht, id=115, withWhiteBoard=true, capacity=6}, {withTV=true, name=duke, description=eruditio et religio, id=116, withWhiteBoard=false, capacity=4}, {withTV=true, name=berkeley, description=fiat lux, id=117, withWhiteBoard=false, capacity=4}, {withTV=true, name=ping pong, description=mens et manus, id=111, withWhiteBoard=false, capacity=6}], name=light-side, id=3}
rooms
[{withTV=true, name=harvard, description=veritas, id=112, withWhiteBoard=false, capacity=6}, {withTV=true, name=yale, description=lux et veritas, id=113, withWhiteBoard=false, capacity=6}, {withTV=true, name=princeton, description=dei sub numine viget, id=114, withWhiteBoard=false, capacity=4}, {withTV=false, name=stanford, description=die luft der freiheit weht, id=115, withWhiteBoard=true, capacity=6}, {withTV=true, name=duke, description=eruditio et religio, id=116, withWhiteBoard=false, capacity=4}, {withTV=true, name=berkeley, description=fiat lux, id=117, withWhiteBoard=false, capacity=4}, {withTV=true, name=ping pong, description=mens et manus, id=111, withWhiteBoard=false, capacity=6}]
name
light-side
id
3
true
harvard
veritas
112
false
6
true
harvard
veritas
112
false
6
starting the method
3
3
[3, 4, 5]
harvard
size: 3
[[harvard, yale, princeton, stanford, duke, berkeley, ping pong], [kilimanjaro, half dome, denali, meru], [google, apple, microsoft, bay_area, amazon, tesla, facebook]]
{rooms=[{withTV=true, name=harvard, description=veritas, id=112, withWhiteBoard=false, capacity=6}, {withTV=true, name=yale, description=lux et veritas, id=113, withWhiteBoard=false, capacity=6}, {withTV=true, name=princeton, description=dei sub numine viget, id=114, withWhiteBoard=false, capacity=4}, {withTV=false, name=stanford, description=die luft der freiheit weht, id=115, withWhiteBoard=true, capacity=6}, {withTV=true, name=duke, description=eruditio et religio, id=116, withWhiteBoard=false, capacity=4}, {withTV=true, name=berkeley, description=fiat lux, id=117, withWhiteBoard=false, capacity=4}, {withTV=true, name=ping pong, description=mens et manus, id=111, withWhiteBoard=false, capacity=6}], name=light-side, id=3}
rooms
[{withTV=true, name=harvard, description=veritas, id=112, withWhiteBoard=false, capacity=6}, {withTV=true, name=yale, description=lux et veritas, id=113, withWhiteBoard=false, capacity=6}, {withTV=true, name=princeton, description=dei sub numine viget, id=114, withWhiteBoard=false, capacity=4}, {withTV=false, name=stanford, description=die luft der freiheit weht, id=115, withWhiteBoard=true, capacity=6}, {withTV=true, name=duke, description=eruditio et religio, id=116, withWhiteBoard=false, capacity=4}, {withTV=true, name=berkeley, description=fiat lux, id=117, withWhiteBoard=false, capacity=4}, {withTV=true, name=ping pong, description=mens et manus, id=111, withWhiteBoard=false, capacity=6}]
name
light-side
id
3
{rooms=[{withTV=true, name=harvard, description=veritas, id=112, withWhiteBoard=false, capacity=6}, {withTV=true, name=yale, description=lux et veritas, id=113, withWhiteBoard=false, capacity=6}, {withTV=true, name=princeton, description=dei sub numine viget, id=114, withWhiteBoard=false, capacity=4}, {withTV=false, name=stanford, description=die luft der freiheit weht, id=115, withWhiteBoard=true, capacity=6}, {withTV=true, name=duke, description=eruditio et religio, id=116, withWhiteBoard=false, capacity=4}, {withTV=true, name=berkeley, description=fiat lux, id=117, withWhiteBoard=false, capacity=4}, {withTV=true, name=ping pong, description=mens et manus, id=111, withWhiteBoard=false, capacity=6}], name=light-side, id=3}
rooms
[{withTV=true, name=harvard, description=veritas, id=112, withWhiteBoard=false, capacity=6}, {withTV=true, name=yale, description=lux et veritas, id=113, withWhiteBoard=false, capacity=6}, {withTV=true, name=princeton, description=dei sub numine viget, id=114, withWhiteBoard=false, capacity=4}, {withTV=false, name=stanford, description=die luft der freiheit weht, id=115, withWhiteBoard=true, capacity=6}, {withTV=true, name=duke, description=eruditio et religio, id=116, withWhiteBoard=false, capacity=4}, {withTV=true, name=berkeley, description=fiat lux, id=117, withWhiteBoard=false, capacity=4}, {withTV=true, name=ping pong, description=mens et manus, id=111, withWhiteBoard=false, capacity=6}]
name
light-side
id
3
true
harvard
veritas
112
false
6
true
harvard
veritas
112
false
6
starting the method
3
3
[3, 4, 5]
harvard
size: 3
[[harvard, yale, princeton, stanford, duke, berkeley, ping pong], [kilimanjaro, half dome, denali, meru], [google, apple, microsoft, bay_area, amazon, tesla, facebook]]
{rooms=[{withTV=true, name=harvard, description=veritas, id=112, withWhiteBoard=false, capacity=6}, {withTV=true, name=yale, description=lux et veritas, id=113, withWhiteBoard=false, capacity=6}, {withTV=true, name=princeton, description=dei sub numine viget, id=114, withWhiteBoard=false, capacity=4}, {withTV=false, name=stanford, description=die luft der freiheit weht, id=115, withWhiteBoard=true, capacity=6}, {withTV=true, name=duke, description=eruditio et religio, id=116, withWhiteBoard=false, capacity=4}, {withTV=true, name=berkeley, description=fiat lux, id=117, withWhiteBoard=false, capacity=4}, {withTV=true, name=ping pong, description=mens et manus, id=111, withWhiteBoard=false, capacity=6}], name=light-side, id=3}
rooms
[{withTV=true, name=harvard, description=veritas, id=112, withWhiteBoard=false, capacity=6}, {withTV=true, name=yale, description=lux et veritas, id=113, withWhiteBoard=false, capacity=6}, {withTV=true, name=princeton, description=dei sub numine viget, id=114, withWhiteBoard=false, capacity=4}, {withTV=false, name=stanford, description=die luft der freiheit weht, id=115, withWhiteBoard=true, capacity=6}, {withTV=true, name=duke, description=eruditio et religio, id=116, withWhiteBoard=false, capacity=4}, {withTV=true, name=berkeley, description=fiat lux, id=117, withWhiteBoard=false, capacity=4}, {withTV=true, name=ping pong, description=mens et manus, id=111, withWhiteBoard=false, capacity=6}]
name
light-side
id
3
{rooms=[{withTV=true, name=harvard, description=veritas, id=112, withWhiteBoard=false, capacity=6}, {withTV=true, name=yale, description=lux et veritas, id=113, withWhiteBoard=false, capacity=6}, {withTV=true, name=princeton, description=dei sub numine viget, id=114, withWhiteBoard=false, capacity=4}, {withTV=false, name=stanford, description=die luft der freiheit weht, id=115, withWhiteBoard=true, capacity=6}, {withTV=true, name=duke, description=eruditio et religio, id=116, withWhiteBoard=false, capacity=4}, {withTV=true, name=berkeley, description=fiat lux, id=117, withWhiteBoard=false, capacity=4}, {withTV=true, name=ping pong, description=mens et manus, id=111, withWhiteBoard=false, capacity=6}], name=light-side, id=3}
rooms
[{withTV=true, name=harvard, description=veritas, id=112, withWhiteBoard=false, capacity=6}, {withTV=true, name=yale, description=lux et veritas, id=113, withWhiteBoard=false, capacity=6}, {withTV=true, name=princeton, description=dei sub numine viget, id=114, withWhiteBoard=false, capacity=4}, {withTV=false, name=stanford, description=die luft der freiheit weht, id=115, withWhiteBoard=true, capacity=6}, {withTV=true, name=duke, description=eruditio et religio, id=116, withWhiteBoard=false, capacity=4}, {withTV=true, name=berkeley, description=fiat lux, id=117, withWhiteBoard=false, capacity=4}, {withTV=true, name=ping pong, description=mens et manus, id=111, withWhiteBoard=false, capacity=6}]
name
light-side
id
3
true
harvard
veritas
112
false
6
true
harvard
veritas
112
false
6
starting the method
3
3
[3, 4, 5]
harvard
size: 3
[[harvard, yale, princeton, stanford, duke, berkeley, ping pong], [kilimanjaro, half dome, denali, meru], [google, apple, microsoft, bay_area, amazon, tesla, facebook]]
{rooms=[{withTV=true, name=harvard, description=veritas, id=112, withWhiteBoard=false, capacity=6}, {withTV=true, name=yale, description=lux et veritas, id=113, withWhiteBoard=false, capacity=6}, {withTV=true, name=princeton, description=dei sub numine viget, id=114, withWhiteBoard=false, capacity=4}, {withTV=false, name=stanford, description=die luft der freiheit weht, id=115, withWhiteBoard=true, capacity=6}, {withTV=true, name=duke, description=eruditio et religio, id=116, withWhiteBoard=false, capacity=4}, {withTV=true, name=berkeley, description=fiat lux, id=117, withWhiteBoard=false, capacity=4}, {withTV=true, name=ping pong, description=mens et manus, id=111, withWhiteBoard=false, capacity=6}], name=light-side, id=3}
rooms
[{withTV=true, name=harvard, description=veritas, id=112, withWhiteBoard=false, capacity=6}, {withTV=true, name=yale, description=lux et veritas, id=113, withWhiteBoard=false, capacity=6}, {withTV=true, name=princeton, description=dei sub numine viget, id=114, withWhiteBoard=false, capacity=4}, {withTV=false, name=stanford, description=die luft der freiheit weht, id=115, withWhiteBoard=true, capacity=6}, {withTV=true, name=duke, description=eruditio et religio, id=116, withWhiteBoard=false, capacity=4}, {withTV=true, name=berkeley, description=fiat lux, id=117, withWhiteBoard=false, capacity=4}, {withTV=true, name=ping pong, description=mens et manus, id=111, withWhiteBoard=false, capacity=6}]
name
light-side
id
3
{rooms=[{withTV=true, name=harvard, description=veritas, id=112, withWhiteBoard=false, capacity=6}, {withTV=true, name=yale, description=lux et veritas, id=113, withWhiteBoard=false, capacity=6}, {withTV=true, name=princeton, description=dei sub numine viget, id=114, withWhiteBoard=false, capacity=4}, {withTV=false, name=stanford, description=die luft der freiheit weht, id=115, withWhiteBoard=true, capacity=6}, {withTV=true, name=duke, description=eruditio et religio, id=116, withWhiteBoard=false, capacity=4}, {withTV=true, name=berkeley, description=fiat lux, id=117, withWhiteBoard=false, capacity=4}, {withTV=true, name=ping pong, description=mens et manus, id=111, withWhiteBoard=false, capacity=6}], name=light-side, id=3}
rooms
[{withTV=true, name=harvard, description=veritas, id=112, withWhiteBoard=false, capacity=6}, {withTV=true, name=yale, description=lux et veritas, id=113, withWhiteBoard=false, capacity=6}, {withTV=true, name=princeton, description=dei sub numine viget, id=114, withWhiteBoard=false, capacity=4}, {withTV=false, name=stanford, description=die luft der freiheit weht, id=115, withWhiteBoard=true, capacity=6}, {withTV=true, name=duke, description=eruditio et religio, id=116, withWhiteBoard=false, capacity=4}, {withTV=true, name=berkeley, description=fiat lux, id=117, withWhiteBoard=false, capacity=4}, {withTV=true, name=ping pong, description=mens et manus, id=111, withWhiteBoard=false, capacity=6}]
name
light-side
id
3
true
harvard
veritas
112
false
6
true
harvard
veritas
112
false
6
starting the method
3
3
[3, 4, 5]
harvard
starting the method
3
3
[3, 4, 5]
harvard
size: 0
[]
{rooms=[{withTV=true, name=harvard, description=veritas, id=112, withWhiteBoard=false, capacity=6}, {withTV=true, name=yale, description=lux et veritas, id=113, withWhiteBoard=false, capacity=6}, {withTV=true, name=princeton, description=dei sub numine viget, id=114, withWhiteBoard=false, capacity=4}, {withTV=false, name=stanford, description=die luft der freiheit weht, id=115, withWhiteBoard=true, capacity=6}, {withTV=true, name=duke, description=eruditio et religio, id=116, withWhiteBoard=false, capacity=4}, {withTV=true, name=berkeley, description=fiat lux, id=117, withWhiteBoard=false, capacity=4}, {withTV=true, name=ping pong, description=mens et manus, id=111, withWhiteBoard=false, capacity=6}], name=light-side, id=3}
rooms
[{withTV=true, name=harvard, description=veritas, id=112, withWhiteBoard=false, capacity=6}, {withTV=true, name=yale, description=lux et veritas, id=113, withWhiteBoard=false, capacity=6}, {withTV=true, name=princeton, description=dei sub numine viget, id=114, withWhiteBoard=false, capacity=4}, {withTV=false, name=stanford, description=die luft der freiheit weht, id=115, withWhiteBoard=true, capacity=6}, {withTV=true, name=duke, description=eruditio et religio, id=116, withWhiteBoard=false, capacity=4}, {withTV=true, name=berkeley, description=fiat lux, id=117, withWhiteBoard=false, capacity=4}, {withTV=true, name=ping pong, description=mens et manus, id=111, withWhiteBoard=false, capacity=6}]
name
light-side
id
3
{rooms=[{withTV=true, name=harvard, description=veritas, id=112, withWhiteBoard=false, capacity=6}, {withTV=true, name=yale, description=lux et veritas, id=113, withWhiteBoard=false, capacity=6}, {withTV=true, name=princeton, description=dei sub numine viget, id=114, withWhiteBoard=false, capacity=4}, {withTV=false, name=stanford, description=die luft der freiheit weht, id=115, withWhiteBoard=true, capacity=6}, {withTV=true, name=duke, description=eruditio et religio, id=116, withWhiteBoard=false, capacity=4}, {withTV=true, name=berkeley, description=fiat lux, id=117, withWhiteBoard=false, capacity=4}, {withTV=true, name=ping pong, description=mens et manus, id=111, withWhiteBoard=false, capacity=6}], name=light-side, id=3}
rooms
[{withTV=true, name=harvard, description=veritas, id=112, withWhiteBoard=false, capacity=6}, {withTV=true, name=yale, description=lux et veritas, id=113, withWhiteBoard=false, capacity=6}, {withTV=true, name=princeton, description=dei sub numine viget, id=114, withWhiteBoard=false, capacity=4}, {withTV=false, name=stanford, description=die luft der freiheit weht, id=115, withWhiteBoard=true, capacity=6}, {withTV=true, name=duke, description=eruditio et religio, id=116, withWhiteBoard=false, capacity=4}, {withTV=true, name=berkeley, description=fiat lux, id=117, withWhiteBoard=false, capacity=4}, {withTV=true, name=ping pong, description=mens et manus, id=111, withWhiteBoard=false, capacity=6}]
name
light-side
id
3
true
harvard
veritas
112
false
6
true
harvard
veritas
112
false
6
starting the method
3
3
[3, 4, 5]
harvard
size: 0
[]
{rooms=[{withTV=true, name=harvard, description=veritas, id=112, withWhiteBoard=false, capacity=6}, {withTV=true, name=yale, description=lux et veritas, id=113, withWhiteBoard=false, capacity=6}, {withTV=true, name=princeton, description=dei sub numine viget, id=114, withWhiteBoard=false, capacity=4}, {withTV=false, name=stanford, description=die luft der freiheit weht, id=115, withWhiteBoard=true, capacity=6}, {withTV=true, name=duke, description=eruditio et religio, id=116, withWhiteBoard=false, capacity=4}, {withTV=true, name=berkeley, description=fiat lux, id=117, withWhiteBoard=false, capacity=4}, {withTV=true, name=ping pong, description=mens et manus, id=111, withWhiteBoard=false, capacity=6}], name=light-side, id=3}
rooms
[{withTV=true, name=harvard, description=veritas, id=112, withWhiteBoard=false, capacity=6}, {withTV=true, name=yale, description=lux et veritas, id=113, withWhiteBoard=false, capacity=6}, {withTV=true, name=princeton, description=dei sub numine viget, id=114, withWhiteBoard=false, capacity=4}, {withTV=false, name=stanford, description=die luft der freiheit weht, id=115, withWhiteBoard=true, capacity=6}, {withTV=true, name=duke, description=eruditio et religio, id=116, withWhiteBoard=false, capacity=4}, {withTV=true, name=berkeley, description=fiat lux, id=117, withWhiteBoard=false, capacity=4}, {withTV=true, name=ping pong, description=mens et manus, id=111, withWhiteBoard=false, capacity=6}]
name
light-side
id
3
{rooms=[{withTV=true, name=harvard, description=veritas, id=112, withWhiteBoard=false, capacity=6}, {withTV=true, name=yale, description=lux et veritas, id=113, withWhiteBoard=false, capacity=6}, {withTV=true, name=princeton, description=dei sub numine viget, id=114, withWhiteBoard=false, capacity=4}, {withTV=false, name=stanford, description=die luft der freiheit weht, id=115, withWhiteBoard=true, capacity=6}, {withTV=true, name=duke, description=eruditio et religio, id=116, withWhiteBoard=false, capacity=4}, {withTV=true, name=berkeley, description=fiat lux, id=117, withWhiteBoard=false, capacity=4}, {withTV=true, name=ping pong, description=mens et manus, id=111, withWhiteBoard=false, capacity=6}], name=light-side, id=3}
rooms
[{withTV=true, name=harvard, description=veritas, id=112, withWhiteBoard=false, capacity=6}, {withTV=true, name=yale, description=lux et veritas, id=113, withWhiteBoard=false, capacity=6}, {withTV=true, name=princeton, description=dei sub numine viget, id=114, withWhiteBoard=false, capacity=4}, {withTV=false, name=stanford, description=die luft der freiheit weht, id=115, withWhiteBoard=true, capacity=6}, {withTV=true, name=duke, description=eruditio et religio, id=116, withWhiteBoard=false, capacity=4}, {withTV=true, name=berkeley, description=fiat lux, id=117, withWhiteBoard=false, capacity=4}, {withTV=true, name=ping pong, description=mens et manus, id=111, withWhiteBoard=false, capacity=6}]
name
light-side
id
3
true
harvard
veritas
112
false
6
true
harvard
veritas
112
false
6
starting the method
3
3
[3, 4, 5]
harvard
size: 3
[[harvard, yale, princeton, stanford, duke, berkeley, ping pong], [kilimanjaro, half dome, denali, meru], [google, apple, microsoft, bay_area, amazon, tesla, facebook]]
{rooms=[{withTV=true, name=harvard, description=veritas, id=112, withWhiteBoard=false, capacity=6}, {withTV=true, name=yale, description=lux et veritas, id=113, withWhiteBoard=false, capacity=6}, {withTV=true, name=princeton, description=dei sub numine viget, id=114, withWhiteBoard=false, capacity=4}, {withTV=false, name=stanford, description=die luft der freiheit weht, id=115, withWhiteBoard=true, capacity=6}, {withTV=true, name=duke, description=eruditio et religio, id=116, withWhiteBoard=false, capacity=4}, {withTV=true, name=berkeley, description=fiat lux, id=117, withWhiteBoard=false, capacity=4}, {withTV=true, name=ping pong, description=mens et manus, id=111, withWhiteBoard=false, capacity=6}], name=light-side, id=3}
rooms
[{withTV=true, name=harvard, description=veritas, id=112, withWhiteBoard=false, capacity=6}, {withTV=true, name=yale, description=lux et veritas, id=113, withWhiteBoard=false, capacity=6}, {withTV=true, name=princeton, description=dei sub numine viget, id=114, withWhiteBoard=false, capacity=4}, {withTV=false, name=stanford, description=die luft der freiheit weht, id=115, withWhiteBoard=true, capacity=6}, {withTV=true, name=duke, description=eruditio et religio, id=116, withWhiteBoard=false, capacity=4}, {withTV=true, name=berkeley, description=fiat lux, id=117, withWhiteBoard=false, capacity=4}, {withTV=true, name=ping pong, description=mens et manus, id=111, withWhiteBoard=false, capacity=6}]
name
light-side
id
3
{rooms=[{withTV=true, name=harvard, description=veritas, id=112, withWhiteBoard=false, capacity=6}, {withTV=true, name=yale, description=lux et veritas, id=113, withWhiteBoard=false, capacity=6}, {withTV=true, name=princeton, description=dei sub numine viget, id=114, withWhiteBoard=false, capacity=4}, {withTV=false, name=stanford, description=die luft der freiheit weht, id=115, withWhiteBoard=true, capacity=6}, {withTV=true, name=duke, description=eruditio et religio, id=116, withWhiteBoard=false, capacity=4}, {withTV=true, name=berkeley, description=fiat lux, id=117, withWhiteBoard=false, capacity=4}, {withTV=true, name=ping pong, description=mens et manus, id=111, withWhiteBoard=false, capacity=6}], name=light-side, id=3}
rooms
[{withTV=true, name=harvard, description=veritas, id=112, withWhiteBoard=false, capacity=6}, {withTV=true, name=yale, description=lux et veritas, id=113, withWhiteBoard=false, capacity=6}, {withTV=true, name=princeton, description=dei sub numine viget, id=114, withWhiteBoard=false, capacity=4}, {withTV=false, name=stanford, description=die luft der freiheit weht, id=115, withWhiteBoard=true, capacity=6}, {withTV=true, name=duke, description=eruditio et religio, id=116, withWhiteBoard=false, capacity=4}, {withTV=true, name=berkeley, description=fiat lux, id=117, withWhiteBoard=false, capacity=4}, {withTV=true, name=ping pong, description=mens et manus, id=111, withWhiteBoard=false, capacity=6}]
name
light-side
id
3
true
harvard
veritas
112
false
6
true
harvard
veritas
112
false
6
starting the method
3
3
[3, 4, 5]
harvard
size: 3
[[harvard, yale, princeton, stanford, duke, berkeley, ping pong], [kilimanjaro, half dome, denali, meru], [google, apple, microsoft, bay_area, amazon, tesla, facebook]]
{rooms=[{withTV=true, name=harvard, description=veritas, id=112, withWhiteBoard=false, capacity=6}, {withTV=true, name=yale, description=lux et veritas, id=113, withWhiteBoard=false, capacity=6}, {withTV=true, name=princeton, description=dei sub numine viget, id=114, withWhiteBoard=false, capacity=4}, {withTV=false, name=stanford, description=die luft der freiheit weht, id=115, withWhiteBoard=true, capacity=6}, {withTV=true, name=duke, description=eruditio et religio, id=116, withWhiteBoard=false, capacity=4}, {withTV=true, name=berkeley, description=fiat lux, id=117, withWhiteBoard=false, capacity=4}, {withTV=true, name=ping pong, description=mens et manus, id=111, withWhiteBoard=false, capacity=6}], name=light-side, id=3}
rooms
[{withTV=true, name=harvard, description=veritas, id=112, withWhiteBoard=false, capacity=6}, {withTV=true, name=yale, description=lux et veritas, id=113, withWhiteBoard=false, capacity=6}, {withTV=true, name=princeton, description=dei sub numine viget, id=114, withWhiteBoard=false, capacity=4}, {withTV=false, name=stanford, description=die luft der freiheit weht, id=115, withWhiteBoard=true, capacity=6}, {withTV=true, name=duke, description=eruditio et religio, id=116, withWhiteBoard=false, capacity=4}, {withTV=true, name=berkeley, description=fiat lux, id=117, withWhiteBoard=false, capacity=4}, {withTV=true, name=ping pong, description=mens et manus, id=111, withWhiteBoard=false, capacity=6}]
name
light-side
id
3
{rooms=[{withTV=true, name=harvard, description=veritas, id=112, withWhiteBoard=false, capacity=6}, {withTV=true, name=yale, description=lux et veritas, id=113, withWhiteBoard=false, capacity=6}, {withTV=true, name=princeton, description=dei sub numine viget, id=114, withWhiteBoard=false, capacity=4}, {withTV=false, name=stanford, description=die luft der freiheit weht, id=115, withWhiteBoard=true, capacity=6}, {withTV=true, name=duke, description=eruditio et religio, id=116, withWhiteBoard=false, capacity=4}, {withTV=true, name=berkeley, description=fiat lux, id=117, withWhiteBoard=false, capacity=4}, {withTV=true, name=ping pong, description=mens et manus, id=111, withWhiteBoard=false, capacity=6}], name=light-side, id=3}
rooms
[{withTV=true, name=harvard, description=veritas, id=112, withWhiteBoard=false, capacity=6}, {withTV=true, name=yale, description=lux et veritas, id=113, withWhiteBoard=false, capacity=6}, {withTV=true, name=princeton, description=dei sub numine viget, id=114, withWhiteBoard=false, capacity=4}, {withTV=false, name=stanford, description=die luft der freiheit weht, id=115, withWhiteBoard=true, capacity=6}, {withTV=true, name=duke, description=eruditio et religio, id=116, withWhiteBoard=false, capacity=4}, {withTV=true, name=berkeley, description=fiat lux, id=117, withWhiteBoard=false, capacity=4}, {withTV=true, name=ping pong, description=mens et manus, id=111, withWhiteBoard=false, capacity=6}]
name
light-side
id
3
true
harvard
veritas
112
false
6
true
harvard
veritas
112
false
6
{firstname=Sunny, role=student-team-member, id=2641, lastname=Kunde}
{firstname=Ramiro, role=student-team-member, id=2666, lastname=Pouros}
{firstname=Benito, role=student-team-member, id=2678, email=benitolakin@hamill.io, lastname=Lakin}
{firstname=Talitha, role=student-team-member, id=2899, email=talithagorczany@dickinson.name, lastname=Gorczany}
{firstname=Josue, role=student-team-member, id=2904, email=josueroob@collins.info, lastname=Roob}
{firstname=Stevie, role=student-team-member, id=2909, email=steviekonopelski@mcglynn.biz, lastname=Konopelski}
{firstname=Marcelino, role=student-team-member, id=3018, email=marcelinojaskolski@kub.net, lastname=Jaskolski}
{firstname=Jc, role=student-team-member, id=3020, email=jcvon@lubowitz.name, lastname=Von}
